<?xml version="1.0" encoding="UTF-8"?>
<!-- Generated by org.testng.reporters.JUnitReportReporter -->
<testsuite hostname="EERO" failures="0" tests="7" name="cucumberOptions.PracticeRunner1" time="0.176" errors="0" timestamp="2024-05-14T14:18:37 IST" skipped="0">
  <testcase classname="cucumberOptions.PracticeRunner1" name="runScenario" time="0.074"/>
  <system-out/>
  <testcase classname="cucumberOptions.PracticeRunner1" name="runScenario" time="0.008"/>
  <system-out/>
  <testcase classname="cucumberOptions.PracticeRunner1" name="runScenario" time="0.034"/>
  <system-out/>
  <testcase classname="cucumberOptions.PracticeRunner1" name="runScenario" time="0.008"/>
  <system-out/>
  <testcase classname="cucumberOptions.PracticeRunner1" name="runScenario" time="0.019"/>
  <system-out/>
  <testcase classname="cucumberOptions.PracticeRunner1" name="runScenario" time="0.022"/>
  <system-out/>
  <testcase classname="cucumberOptions.PracticeRunner1" name="runScenario" time="0.011"/>
  <system-out/>
</testsuite> <!-- cucumberOptions.PracticeRunner1 -->
